[debug] [2023-11-03T00:16:11.435Z] ----------------------------------------------------------------------
[debug] [2023-11-03T00:16:11.437Z] Command:       C:\Program Files\nodejs\node.exe C:\Users\Riyaz\AppData\Roaming\npm\node_modules\firebase-tools\lib\bin\firebase.js init
[debug] [2023-11-03T00:16:11.438Z] CLI Version:   12.7.0
[debug] [2023-11-03T00:16:11.438Z] Platform:      win32
[debug] [2023-11-03T00:16:11.438Z] Node Version:  v18.16.1
[debug] [2023-11-03T00:16:11.439Z] Time:          Fri Nov 03 2023 06:16:11 GMT+0600 (Bangladesh Standard Time)
[debug] [2023-11-03T00:16:11.439Z] ----------------------------------------------------------------------
[debug] 
[debug] [2023-11-03T00:16:11.443Z] >>> [apiv2][query] GET https://firebase-public.firebaseio.com/cli.json [none]
[debug] [2023-11-03T00:16:11.491Z] > command requires scopes: ["email","openid","https://www.googleapis.com/auth/cloudplatformprojects.readonly","https://www.googleapis.com/auth/firebase","https://www.googleapis.com/auth/cloud-platform"]
[debug] [2023-11-03T00:16:11.491Z] > authorizing via signed-in user (riyaz3582@gmail.com)
[info] 
     ######## #### ########  ######## ########     ###     ######  ########
     ##        ##  ##     ## ##       ##     ##  ##   ##  ##       ##
     ######    ##  ########  ######   ########  #########  ######  ######
     ##        ##  ##    ##  ##       ##     ## ##     ##       ## ##
     ##       #### ##     ## ######## ########  ##     ##  ######  ########

You're about to initialize a Firebase project in this directory:

  C:\projects\car-doctor-server

Before we get started, keep in mind:

  * You are currently outside your home directory

[debug] [2023-11-03T00:16:12.215Z] <<< [apiv2][status] GET https://firebase-public.firebaseio.com/cli.json 200
[debug] [2023-11-03T00:16:12.215Z] <<< [apiv2][body] GET https://firebase-public.firebaseio.com/cli.json {"cloudBuildErrorAfter":1594252800000,"cloudBuildWarnAfter":1590019200000,"defaultNode10After":1594252800000,"minVersion":"3.0.5","node8DeploysDisabledAfter":1613390400000,"node8RuntimeDisabledAfter":1615809600000,"node8WarnAfter":1600128000000}
